-10 9.57087e-42 NULL SECOND NULL THIRD7.56701e-43
-9.8 4.62723e-40 4.62723e-40 2.36147e-40 3.82597e-41
-9.6 2.06483e-38 2.06483e-38 1.05556e-38 1.81433e-39
-9.4 8.50416e-37 8.50416e-37 4.35531e-37 7.94146e-38
-9.2 3.23269e-35 3.23269e-35 1.65886e-35 3.20725e-36
-9 1.13416e-33 1.13416e-33 5.83244e-34 1.19514e-34
-8.8 3.67247e-32 3.67247e-32 1.89294e-32 4.1091e-33
-8.6 1.09752e-30 1.09752e-30 5.67124e-31 1.30348e-31
-8.4 3.02704e-29 3.02704e-29 1.56839e-29 3.815e-30
-8.2 7.705e-28 7.705e-28 4.00385e-28 1.03011e-28
-8 1.80994e-26 1.80994e-26 9.43496e-27 2.5661e-27
-7.8 3.92363e-25 3.92363e-25 2.05231e-25 5.89721e-26
-7.6 7.84923e-24 7.84923e-24 4.1208e-24 1.25024e-24
-7.4 1.449e-22 1.449e-22 7.63744e-23 2.44511e-23
-7.2 2.46828e-21 2.46828e-21 1.30659e-21 4.41101e-22
-7 3.87969e-20 3.87969e-20 2.06326e-20 7.34004e-21
-6.8 5.62673e-19 5.62673e-19 3.00735e-19 1.12658e-19
-6.6 7.52926e-18 7.52926e-18 4.04597e-18 1.5948e-18
-6.4 9.29527e-17 9.29527e-17 5.02409e-17 2.08214e-17
-6.2 1.05868e-15 1.05868e-15 5.75815e-16 2.50693e-16
-6 1.11233e-14 1.11233e-14 6.09097e-15 2.78343e-15
-5.8 1.07804e-13 1.07804e-13 5.94636e-14 2.84966e-14
-5.6 9.63697e-13 9.63697e-13 5.3575e-13 2.68995e-13
-5.4 7.94539e-12 7.94539e-12 4.45455e-12 2.34097e-12
-5.2 6.04106e-11 6.04106e-11 3.4178e-11 1.87807e-11
-5 4.23536e-10 4.23536e-10 2.41974e-10 1.38879e-10
-4.8 2.73774e-09 2.73774e-09 1.58064e-09 9.46515e-10
-4.6 1.6314e-08 1.6314e-08 9.52586e-09 5.94452e-09
-4.4 8.96034e-08 8.96034e-08 5.29587e-08 3.43986e-08
-4.2 4.53528e-07 4.53528e-07 2.71566e-07 1.83369e-07
-4 2.115e-06 2.115e-06 1.28427e-06 9.00281e-07
-3.8 9.08522e-06 9.08522e-06 5.6001e-06 4.07007e-06
-3.6 3.59379e-05 3.59379e-05 2.25116e-05 1.69386e-05
-3.4 0.000130863 0.000130863 8.34008e-05 6.48731e-05
-3.2 0.000438485 0.000438485 0.000284674 0.000228562
-3 0.0013513 0.0013513 0.000894892 0.000740459
-2.8 0.00382781 0.00382781 0.00258955 0.00220455
-2.6 0.00995941 0.00995941 0.00689361 0.006028
-2.4 0.0237797 0.0237797 0.0168696 0.0151253
-2.2 0.0520429 0.0520429 0.0379113 0.0347911
-2 0.104241 0.104241 0.0781421 0.0732626
-1.8 0.190704 0.190704 0.147473 0.14099
-1.6 0.317769 0.317769 0.254236 0.247376
-1.4 0.480347 0.480347 0.399058 0.394404
-1.2 0.654759 0.654759 0.567553 0.568627
-1 0.797065 0.797065 0.725912 0.735759
-0.8 0.85192 0.85192 0.824492 0.843668
-0.599999 0.772337 0.772337 0.812128 0.837211
-0.4 0.543228 0.543228 0.657782 0.681715
-0.2 0.196053 0.196053 0.36964 0.384315
0 -0.196053 -0.196053 0 -0
0.2 -0.543228 -0.543228 -0.369641 -0.384315
0.400001 -0.772338 -0.772338 -0.657783 -0.681716
0.6 -0.85192 -0.85192 -0.812129 -0.837212
0.8 -0.797065 -0.797065 -0.824492 -0.843668
1 -0.654759 -0.654759 -0.725912 -0.735759
1.2 -0.480346 -0.480346 -0.567552 -0.568627
1.4 -0.317768 -0.317768 -0.399057 -0.394403
1.6 -0.190704 -0.190704 -0.254236 -0.247375
1.8 -0.104241 -0.104241 -0.147473 -0.14099
2 -0.0520429 -0.0520429 -0.0781421 -0.0732626
2.2 -0.0237797 -0.0237797 -0.0379113 -0.0347911
2.4 -0.00995939 -0.00995939 -0.0168696 -0.0151253
2.6 -0.00382779 -0.00382779 -0.00689359 -0.00602798
2.8 -0.0013513 -0.0013513 -0.00258954 -0.00220454
3 -0.000438485 -0.000438485 -0.00089489 -0.000740459
3.2 -0.000130863 -0.000130863 -0.000284674 -0.000228562
3.4 -3.59378e-05 -3.59378e-05 -8.34007e-05 -6.48728e-05
3.6 -9.08518e-06 -9.08518e-06 -2.25115e-05 -1.69385e-05
3.8 -2.115e-06 -2.115e-06 -5.60009e-06 -4.07006e-06
4 -4.53528e-07 -4.53528e-07 -1.28426e-06 -9.00281e-07
4.2 -8.96032e-08 -8.96032e-08 -2.71565e-07 -1.83369e-07
4.4 -1.63139e-08 -1.63139e-08 -5.29587e-08 -3.43985e-08
4.6 -2.73773e-09 -2.73773e-09 -9.52582e-09 -5.9445e-09
4.8 -4.23536e-10 -4.23536e-10 -1.58063e-09 -9.46512e-10
5 -6.04106e-11 -6.04106e-11 -2.41973e-10 -1.38879e-10
5.2 -7.94537e-12 -7.94537e-12 -3.41779e-11 -1.87807e-11
5.4 -9.63693e-13 -9.63693e-13 -4.45454e-12 -2.34096e-12
5.6 -1.07803e-13 -1.07803e-13 -5.35748e-13 -2.68993e-13
5.8 -1.11232e-14 -1.11232e-14 -5.94633e-14 -2.84964e-14
6 -1.05867e-15 -1.05867e-15 -6.09092e-15 -2.78343e-15
6.2 -9.29519e-17 -9.29519e-17 -5.75815e-16 -2.5069e-16
6.4 -7.52924e-18 -7.52924e-18 -5.02404e-17 -2.08214e-17
6.6 -5.62668e-19 -5.62668e-19 -4.04596e-18 -1.59479e-18
6.8 -3.87965e-20 -3.87965e-20 -3.00734e-19 -1.12656e-19
7 -2.46828e-21 -2.46828e-21 -2.06323e-20 -7.34004e-21
7.2 -1.44898e-22 -1.44898e-22 -1.30659e-21 -4.41094e-22
7.4 -7.84921e-24 -7.84921e-24 -7.63733e-23 -2.44511e-23
7.6 -3.92359e-25 -3.92359e-25 -4.12079e-24 -1.25024e-24
7.8 -1.80992e-26 -1.80992e-26 -2.0523e-25 -5.89712e-26
8 -7.70497e-28 -7.70497e-28 -9.43482e-27 -2.5661e-27
8.2 -3.02701e-29 -3.02701e-29 -4.00385e-28 -1.03009e-28
8.4 -1.09752e-30 -1.09752e-30 -1.56837e-29 -3.815e-30
8.6 -3.67245e-32 -3.67245e-32 -5.67123e-31 -1.30348e-31
8.8 -1.13415e-33 -1.13415e-33 -1.89294e-32 -4.10904e-33
9 -3.23267e-35 -3.23267e-35 -5.83235e-34 -1.19514e-34
9.2 -8.50407e-37 -8.50407e-37 -1.65886e-35 -3.2072e-36
9.4 -2.06483e-38 -2.06483e-38 -4.35526e-37 -7.94146e-38
9.6 -4.62721e-40 -4.62721e-40 -1.05555e-38 -1.81433e-39
9.8 NULL FIRST 0 0 -3.82597e-41
