-10 9.57087e-42 NULL SECOND NULL THIRD3.78351e-44
-9.8 4.62723e-40 4.62723e-40 4.62723e-40 1.95201e-42
-9.6 2.06483e-38 2.06483e-38 2.06483e-38 9.44966e-41
-9.4 8.50416e-37 8.50416e-37 8.50416e-37 4.22418e-39
-9.2 3.23269e-35 3.23269e-35 3.23269e-35 1.74307e-37
-9 1.13416e-33 1.13416e-33 1.13416e-33 6.63968e-36
-8.8 3.67247e-32 3.67247e-32 3.67247e-32 2.33472e-34
-8.6 1.09752e-30 1.09752e-30 1.09752e-30 7.57839e-33
-8.4 3.02704e-29 3.02704e-29 3.02704e-29 2.27084e-31
-8.2 7.705e-28 7.705e-28 7.705e-28 6.28116e-30
-8 1.80994e-26 1.80994e-26 1.80994e-26 1.60381e-28
-7.8 3.92363e-25 3.92363e-25 3.92363e-25 3.78026e-27
-7.6 7.84923e-24 7.84923e-24 7.84923e-24 8.22529e-26
-7.4 1.449e-22 1.449e-22 1.449e-22 1.6521e-24
-7.2 2.46828e-21 2.46828e-21 2.46828e-21 3.0632e-23
-7 3.87969e-20 3.87969e-20 3.87969e-20 5.24289e-22
-6.8 5.62673e-19 5.62673e-19 5.62673e-19 8.28366e-21
-6.6 7.52926e-18 7.52926e-18 7.52926e-18 1.20818e-19
-6.4 9.29527e-17 9.29527e-17 9.29527e-17 1.62667e-18
-6.2 1.05868e-15 1.05868e-15 1.05868e-15 2.02172e-17
-6 1.11233e-14 1.11233e-14 1.11233e-14 2.31952e-16
-5.8 1.07804e-13 1.07804e-13 1.07804e-13 2.45661e-15
-5.6 9.63697e-13 9.63697e-13 9.63697e-13 2.40174e-14
-5.4 7.94539e-12 7.94539e-12 7.94539e-12 2.16757e-13
-5.2 6.04106e-11 6.04106e-11 6.04106e-11 1.80584e-12
-5 4.23536e-10 4.23536e-10 4.23536e-10 1.38879e-11
-4.8 2.73774e-09 2.73774e-09 2.73774e-09 9.85953e-11
-4.6 1.6314e-08 1.6314e-08 1.6314e-08 6.46143e-10
-4.4 8.96034e-08 8.96034e-08 8.96034e-08 3.90894e-09
-4.2 4.53528e-07 4.53528e-07 4.53528e-07 2.18296e-08
-4 2.115e-06 2.115e-06 2.115e-06 1.12535e-07
-3.8 9.08522e-06 9.08522e-06 9.08522e-06 5.35536e-07
-3.6 3.59379e-05 3.59379e-05 3.59379e-05 2.35258e-06
-3.4 0.000130863 0.000130863 0.000130863 9.54016e-06
-3.2 0.000438485 0.000438485 0.000438485 3.57129e-05
-3 0.0013513 0.0013513 0.0013513 0.00012341
-2.8 0.00382781 0.00382781 0.00382781 0.00039367
-2.6 0.00995941 0.00995941 0.00995941 0.00115923
-2.4 0.0237797 0.0237797 0.0237797 0.00315111
-2.2 0.0520429 0.0520429 0.0520429 0.00790706
-2 0.104241 0.104241 0.104241 0.0183156
-1.8 0.190704 0.190704 0.190704 0.0391639
-1.6 0.317769 0.317769 0.317769 0.0773049
-1.4 0.480347 0.480347 0.480347 0.140859
-1.2 0.654759 0.654759 0.654759 0.236928
-1 0.797065 0.797065 0.797065 0.367879
-0.8 0.85192 0.85192 0.85192 0.527292
-0.599999 0.772337 0.772337 0.772337 0.697677
-0.4 0.543228 0.543228 0.543228 0.852144
-0.2 0.196053 0.196053 0.196053 0.96079
0 -0.196053 -0.196053 -0.196053 1
0.2 -0.543228 -0.543228 -0.543228 0.96079
0.400001 -0.772338 -0.772338 -0.772338 0.852143
0.6 -0.85192 -0.85192 -0.85192 0.697676
0.8 -0.797065 -0.797065 -0.797065 0.527292
1 -0.654759 -0.654759 -0.654759 0.367879
1.2 -0.480346 -0.480346 -0.480346 0.236928
1.4 -0.317768 -0.317768 -0.317768 0.140858
1.6 -0.190704 -0.190704 -0.190704 0.0773047
1.8 -0.104241 -0.104241 -0.104241 0.0391639
2 -0.0520429 -0.0520429 -0.0520429 0.0183156
2.2 -0.0237797 -0.0237797 -0.0237797 0.00790706
2.4 -0.00995939 -0.00995939 -0.00995939 0.0031511
2.6 -0.00382779 -0.00382779 -0.00382779 0.00115923
2.8 -0.0013513 -0.0013513 -0.0013513 0.000393669
3 -0.000438485 -0.000438485 -0.000438485 0.00012341
3.2 -0.000130863 -0.000130863 -0.000130863 3.57129e-05
3.4 -3.59378e-05 -3.59378e-05 -3.59378e-05 9.54012e-06
3.6 -9.08518e-06 -9.08518e-06 -9.08518e-06 2.35257e-06
3.8 -2.115e-06 -2.115e-06 -2.115e-06 5.35534e-07
4 -4.53528e-07 -4.53528e-07 -4.53528e-07 1.12535e-07
4.2 -8.96032e-08 -8.96032e-08 -8.96032e-08 2.18296e-08
4.4 -1.63139e-08 -1.63139e-08 -1.63139e-08 3.90892e-09
4.6 -2.73773e-09 -2.73773e-09 -2.73773e-09 6.46141e-10
4.8 -4.23536e-10 -4.23536e-10 -4.23536e-10 9.8595e-11
5 -6.04106e-11 -6.04106e-11 -6.04106e-11 1.38879e-11
5.2 -7.94537e-12 -7.94537e-12 -7.94537e-12 1.80584e-12
5.4 -9.63693e-13 -9.63693e-13 -9.63693e-13 2.16756e-13
5.6 -1.07803e-13 -1.07803e-13 -1.07803e-13 2.40172e-14
5.8 -1.11232e-14 -1.11232e-14 -1.11232e-14 2.45659e-15
6 -1.05867e-15 -1.05867e-15 -1.05867e-15 2.31952e-16
6.2 -9.29519e-17 -9.29519e-17 -9.29519e-17 2.0217e-17
6.4 -7.52924e-18 -7.52924e-18 -7.52924e-18 1.62667e-18
6.6 -5.62668e-19 -5.62668e-19 -5.62668e-19 1.20818e-19
6.8 -3.87965e-20 -3.87965e-20 -3.87965e-20 8.28354e-21
7 -2.46828e-21 -2.46828e-21 -2.46828e-21 5.24289e-22
7.2 -1.44898e-22 -1.44898e-22 -1.44898e-22 3.06316e-23
7.4 -7.84921e-24 -7.84921e-24 -7.84921e-24 1.6521e-24
7.6 -3.92359e-25 -3.92359e-25 -3.92359e-25 8.22523e-26
7.8 -1.80992e-26 -1.80992e-26 -1.80992e-26 3.78021e-27
8 -7.70497e-28 -7.70497e-28 -7.70497e-28 1.60381e-28
8.2 -3.02701e-29 -3.02701e-29 -3.02701e-29 6.28107e-30
8.4 -1.09752e-30 -1.09752e-30 -1.09752e-30 2.27084e-31
8.6 -3.67245e-32 -3.67245e-32 -3.67245e-32 7.57839e-33
8.8 -1.13415e-33 -1.13415e-33 -1.13415e-33 2.33468e-34
9 -3.23267e-35 -3.23267e-35 -3.23267e-35 6.63968e-36
9.2 -8.50407e-37 -8.50407e-37 -8.50407e-37 1.74305e-37
9.4 -2.06483e-38 -2.06483e-38 -2.06483e-38 4.22418e-39
9.6 -4.62721e-40 -4.62721e-40 -4.62721e-40 9.44966e-41
9.8 NULL FIRST 0 0 1.95201e-42
